#0  0x64c476 in print_backtrace
	at /home/ec296/rds/rds-rm665-beagle_shared/code/astrofortran/src/lib_messages.f90:870
#1  0x64d0ef in __lib_messages_MOD_printerror
	at /home/ec296/rds/rds-rm665-beagle_shared/code/astrofortran/src/lib_messages.f90:390
#2  0x643b98 in __fits_buffers_MOD_cfitsio_print_error
	at /home/ec296/rds/rds-rm665-beagle_shared/code/astrofortran/src/fits_buffers.f90:1005
#3  0x6241f9 in __lib_fits_io_MOD_create_fits_file
	at /home/ec296/rds/rds-rm665-beagle_shared/code/astrofortran/build/src/lib_fits_io.f90:402
#4  0x40948a in beagle
	at /home/ec296/rds/rds-rm665-beagle_shared/code/eclake_BEAGLE/src/BEAGLE.f90:661
#5  0x405be6 in main
	at /home/ec296/rds/rds-rm665-beagle_shared/code/eclake_BEAGLE/src/BEAGLE.f90:6
Note: The following floating-point exceptions are signalling: IEEE_UNDERFLOW_FLAG IEEE_DENORMAL
profiling:/home/ec296/rds:Cannot create directory
profiling:/home/ec296/rds/rds-rm665-beagle_shared/code/astrofortran/build/CMakeFiles/astrofortran.dir/src/lib_padding.f90.gcda:Skip
profiling:/home/ec296/rds:Cannot create directory
profiling:/home/ec296/rds/rds-rm665-beagle_shared/code/astrofortran/build/CMakeFiles/astrofortran.dir/src/lib_root_finding.f90.gcda:Skip
profiling:/home/ec296/rds:Cannot create directory
profiling:/home/ec296/rds/rds-rm665-beagle_shared/code/astrofortran/build/CMakeFiles/astrofortran.dir/src/lib_rebin.f90.gcda:Skip
profiling:/home/ec296/rds:Cannot create directory
profiling:/home/ec296/rds/rds-rm665-beagle_shared/code/astrofortran/build/CMakeFiles/astrofortran.dir/src/lib_kernels.f90.gcda:Skip
profiling:/home/ec296/rds:Cannot create directory
profiling:/home/ec296/rds/rds-rm665-beagle_shared/code/astrofortran/build/CMakeFiles/astrofortran.dir/src/lib_integration.f90.gcda:Skip
profiling:/home/ec296/rds:Cannot create directory
profiling:/home/ec296/rds/rds-rm665-beagle_shared/code/astrofortran/build/CMakeFiles/astrofortran.dir/src/lib_gnufor.f90.gcda:Skip
profiling:/home/ec296/rds:Cannot create directory
profiling:/home/ec296/rds/rds-rm665-beagle_shared/code/astrofortran/build/CMakeFiles/astrofortran.dir/src/lib_constants.f90.gcda:Skip
profiling:/home/ec296/rds:Cannot create directory
profiling:/home/ec296/rds/rds-rm665-beagle_shared/code/astrofortran/build/CMakeFiles/astrofortran.dir/src/DictionaryJSON.f90.gcda:Skip
profiling:/home/ec296/rds:Cannot create directory
profiling:/home/ec296/rds/rds-rm665-beagle_shared/code/astrofortran/build/CMakeFiles/astrofortran.dir/src/lib_validation.f90.gcda:Skip
profiling:/home/ec296/rds:Cannot create directory
profiling:/home/ec296/rds/rds-rm665-beagle_shared/code/astrofortran/build/CMakeFiles/astrofortran.dir/src/lib_interpolation.f90.gcda:Skip
profiling:/home/ec296/rds:Cannot create directory
profiling:/home/ec296/rds/rds-rm665-beagle_shared/code/astrofortran/build/CMakeFiles/astrofortran.dir/src/lib_functions.f90.gcda:Skip
profiling:/home/ec296/rds:Cannot create directory
profiling:/home/ec296/rds/rds-rm665-beagle_shared/code/astrofortran/build/CMakeFiles/astrofortran.dir/src/lib_NDinterpolation.f90.gcda:Skip
profiling:/home/ec296/rds:Cannot create directory
profiling:/home/ec296/rds/rds-rm665-beagle_shared/code/mcfor/build/dependencies/orderpack2/CMakeFiles/orderpack2.dir/unirnk.f90.gcda:Skip
profiling:/home/ec296/rds:Cannot create directory
profiling:/home/ec296/rds/rds-rm665-beagle_shared/code/mcfor/build/CMakeFiles/mcfor.dir/src/MCMC_parameters_definitions.f90.gcda:Skip
profiling:/home/ec296/rds:Cannot create directory
profiling:/home/ec296/rds/rds-rm665-beagle_shared/code/eclake_BEAGLE/build/dependencies/bc03_utilities/CMakeFiles/bc03_utilities.dir/src/trapz1.f90.gcda:Skip
profiling:/home/ec296/rds:Cannot create directory
profiling:/home/ec296/rds/rds-rm665-beagle_shared/code/eclake_BEAGLE/build/dependencies/bc03_utilities/CMakeFiles/bc03_utilities.dir/src/bh_ix_sed.f90.gcda:Skip
profiling:/home/ec296/rds:Cannot create directory
profiling:/home/ec296/rds/rds-rm665-beagle_shared/code/eclake_BEAGLE/build/dependencies/bc03_utilities/CMakeFiles/bc03_utilities.dir/src/dl.f90.gcda:Skip
profiling:/home/ec296/rds:Cannot create directory
profiling:/home/ec296/rds/rds-rm665-beagle_shared/code/eclake_BEAGLE/build/dependencies/bc03_utilities/CMakeFiles/bc03_utilities.dir/src/midpnt.f90.gcda:Skip
profiling:/home/ec296/rds:Cannot create directory
profiling:/home/ec296/rds/rds-rm665-beagle_shared/code/eclake_BEAGLE/build/dependencies/bc03_utilities/CMakeFiles/bc03_utilities.dir/src/gc_d4000.f90.gcda:Skip
profiling:/home/ec296/rds:Cannot create directory
profiling:/home/ec296/rds/rds-rm665-beagle_shared/code/eclake_BEAGLE/build/dependencies/bc03_utilities/CMakeFiles/bc03_utilities.dir/src/gw_thesis_dat.f90.gcda:Skip
profiling:/home/ec296/rds:Cannot create directory
profiling:/home/ec296/rds/rds-rm665-beagle_shared/code/eclake_BEAGLE/build/dependencies/bc03_utilities/CMakeFiles/bc03_utilities.dir/src/gw_etal_dat.f90.gcda:Skip
profiling:/home/ec296/rds:Cannot create directory
profiling:/home/ec296/rds/rds-rm665-beagle_shared/code/eclake_BEAGLE/build/dependencies/bc03_utilities/CMakeFiles/bc03_utilities.dir/src/trapz_lr.f90.gcda:Skip
profiling:/home/ec296/rds:Cannot create directory
profiling:/home/ec296/rds/rds-rm665-beagle_shared/code/eclake_BEAGLE/build/dependencies/bc03_utilities/CMakeFiles/bc03_utilities.dir/src/trapz3.f90.gcda:Skip
profiling:/home/ec296/rds:Cannot create directory
profiling:/home/ec296/rds/rds-rm665-beagle_shared/code/eclake_BEAGLE/build/dependencies/bc03_utilities/CMakeFiles/bc03_utilities.dir/src/trapz2.f90.gcda:Skip
profiling:/home/ec296/rds:Cannot create directory
profiling:/home/ec296/rds/rds-rm665-beagle_shared/code/eclake_BEAGLE/build/dependencies/bc03_utilities/CMakeFiles/bc03_utilities.dir/src/locate.f90.gcda:Skip
profiling:/home/ec296/rds:Cannot create directory
profiling:/home/ec296/rds/rds-rm665-beagle_shared/code/eclake_BEAGLE/build/dependencies/bc03_utilities/CMakeFiles/bc03_utilities.dir/src/t.f90.gcda:Skip
profiling:/home/ec296/rds:Cannot create directory
profiling:/home/ec296/rds/rds-rm665-beagle_shared/code/eclake_BEAGLE/build/dependencies/bc03_utilities/CMakeFiles/bc03_utilities.dir/src/b4000.f90.gcda:Skip
profiling:/home/ec296/rds:Cannot create directory
profiling:/home/ec296/rds/rds-rm665-beagle_shared/code/eclake_BEAGLE/build/dependencies/bc03_utilities/CMakeFiles/bc03_utilities.dir/src/gw_ix_sed_lick_system.f90.gcda:Skip
profiling:/home/ec296/rds:Cannot create directory
profiling:/home/ec296/rds/rds-rm665-beagle_shared/code/eclake_BEAGLE/build/dependencies/bc03_utilities/CMakeFiles/bc03_utilities.dir/src/gw_ix_sed.f90.gcda:Skip
profiling:/home/ec296/rds:Cannot create directory
profiling:/home/ec296/rds/rds-rm665-beagle_shared/code/eclake_BEAGLE/build/dependencies/bc03_utilities/CMakeFiles/bc03_utilities.dir/src/iplace.f90.gcda:Skip
profiling:/home/ec296/rds:Cannot create directory
profiling:/home/ec296/rds/rds-rm665-beagle_shared/code/eclake_BEAGLE/build/dependencies/bc03_utilities/CMakeFiles/bc03_utilities.dir/src/linear.f90.gcda:Skip
profiling:/home/ec296/rds:Cannot create directory
profiling:/home/ec296/rds/rds-rm665-beagle_shared/code/eclake_BEAGLE/build/dependencies/astrofortran/CMakeFiles/multivar_splines.dir/xerprt.f.gcda:Skip
profiling:/home/ec296/rds:Cannot create directory
profiling:/home/ec296/rds/rds-rm665-beagle_shared/code/eclake_BEAGLE/build/dependencies/astrofortran/CMakeFiles/multivar_splines.dir/xerctl.f.gcda:Skip
profiling:/home/ec296/rds:Cannot create directory
profiling:/home/ec296/rds/rds-rm665-beagle_shared/code/eclake_BEAGLE/build/dependencies/astrofortran/CMakeFiles/multivar_splines.dir/xerabt.f.gcda:Skip
profiling:/home/ec296/rds:Cannot create directory
profiling:/home/ec296/rds/rds-rm665-beagle_shared/code/eclake_BEAGLE/build/dependencies/astrofortran/CMakeFiles/multivar_splines.dir/j4save.f.gcda:Skip
profiling:/home/ec296/rds:Cannot create directory
profiling:/home/ec296/rds/rds-rm665-beagle_shared/code/eclake_BEAGLE/build/dependencies/astrofortran/CMakeFiles/multivar_splines.dir/i1mach.f.gcda:Skip
profiling:/home/ec296/rds:Cannot create directory
profiling:/home/ec296/rds/rds-rm665-beagle_shared/code/eclake_BEAGLE/build/dependencies/astrofortran/CMakeFiles/multivar_splines.dir/fdump.f.gcda:Skip
profiling:/home/ec296/rds:Cannot create directory
profiling:/home/ec296/rds/rds-rm665-beagle_shared/code/eclake_BEAGLE/build/dependencies/astrofortran/CMakeFiles/multivar_splines.dir/bspvn.f.gcda:Skip
profiling:/home/ec296/rds:Cannot create directory
profiling:/home/ec296/rds/rds-rm665-beagle_shared/code/eclake_BEAGLE/build/dependencies/astrofortran/CMakeFiles/multivar_splines.dir/bnslv.f.gcda:Skip
profiling:/home/ec296/rds:Cannot create directory
profiling:/home/ec296/rds/rds-rm665-beagle_shared/code/eclake_BEAGLE/build/dependencies/astrofortran/CMakeFiles/multivar_splines.dir/bnfac.f.gcda:Skip
profiling:/home/ec296/rds:Cannot create directory
profiling:/home/ec296/rds/rds-rm665-beagle_shared/code/eclake_BEAGLE/build/dependencies/astrofortran/CMakeFiles/multivar_splines.dir/bintk.f.gcda:Skip
profiling:/home/ec296/rds:Cannot create directory
profiling:/home/ec296/rds/rds-rm665-beagle_shared/code/eclake_BEAGLE/build/dependencies/astrofortran/CMakeFiles/multivar_splines.dir/xgetua.f.gcda:Skip
profiling:/home/ec296/rds:Cannot create directory
profiling:/home/ec296/rds/rds-rm665-beagle_shared/code/eclake_BEAGLE/build/dependencies/astrofortran/CMakeFiles/multivar_splines.dir/xersav.f.gcda:Skip
profiling:/home/ec296/rds:Cannot create directory
profiling:/home/ec296/rds/rds-rm665-beagle_shared/code/eclake_BEAGLE/build/dependencies/astrofortran/CMakeFiles/multivar_splines.dir/xerrwv.f.gcda:Skip
profiling:/home/ec296/rds:Cannot create directory
profiling:/home/ec296/rds/rds-rm665-beagle_shared/code/eclake_BEAGLE/build/dependencies/astrofortran/CMakeFiles/multivar_splines.dir/xerror.f.gcda:Skip
profiling:/home/ec296/rds:Cannot create directory
profiling:/home/ec296/rds/rds-rm665-beagle_shared/code/eclake_BEAGLE/build/dependencies/astrofortran/CMakeFiles/multivar_splines.dir/intrv.f.gcda:Skip
profiling:/home/ec296/rds:Cannot create directory
profiling:/home/ec296/rds/rds-rm665-beagle_shared/code/eclake_BEAGLE/build/dependencies/astrofortran/CMakeFiles/multivar_splines.dir/bvalu.f.gcda:Skip
profiling:/home/ec296/rds:Cannot create directory
profiling:/home/ec296/rds/rds-rm665-beagle_shared/code/eclake_BEAGLE/build/dependencies/astrofortran/CMakeFiles/multivar_splines.dir/btpcf.f.gcda:Skip
profiling:/home/ec296/rds:Cannot create directory
profiling:/home/ec296/rds/rds-rm665-beagle_shared/code/eclake_BEAGLE/build/dependencies/astrofortran/CMakeFiles/multivar_splines.dir/bknot.f.gcda:Skip
profiling:/home/ec296/rds:Cannot create directory
profiling:/home/ec296/rds/rds-rm665-beagle_shared/code/eclake_BEAGLE/build/dependencies/astrofortran/CMakeFiles/multivar_splines.dir/b3val.f.gcda:Skip
profiling:/home/ec296/rds:Cannot create directory
profiling:/home/ec296/rds/rds-rm665-beagle_shared/code/eclake_BEAGLE/build/dependencies/astrofortran/CMakeFiles/multivar_splines.dir/b3ink.f.gcda:Skip
profiling:/home/ec296/rds:Cannot create directory
profiling:/home/ec296/rds/rds-rm665-beagle_shared/code/eclake_BEAGLE/build/dependencies/astrofortran/CMakeFiles/multivar_splines.dir/b2val.f.gcda:Skip
profiling:/home/ec296/rds:Cannot create directory
profiling:/home/ec296/rds/rds-rm665-beagle_shared/code/eclake_BEAGLE/build/dependencies/astrofortran/CMakeFiles/multivar_splines.dir/b2ink.f.gcda:Skip
profiling:/home/ec296/rds:Cannot create directory
profiling:/home/ec296/rds/rds-rm665-beagle_shared/code/eclake_BEAGLE/build/dependencies/astrofortran/CMakeFiles/multivar_splines.dir/b1val.f.gcda:Skip
profiling:/home/ec296/rds:Cannot create directory
profiling:/home/ec296/rds/rds-rm665-beagle_shared/code/eclake_BEAGLE/build/dependencies/astrofortran/CMakeFiles/multivar_splines.dir/b1ink.f.gcda:Skip
profiling:/home/ec296/rds:Cannot create directory
profiling:/home/ec296/rds/rds-rm665-beagle_shared/code/eclake_BEAGLE/build/dependencies/astrofortran/CMakeFiles/multivar_splines.dir/multivariate_splines.f90.gcda:Skip
profiling:/home/ec296/rds:Cannot create directory
profiling:/home/ec296/rds/rds-rm665-beagle_shared/code/eclake_BEAGLE/build/CMakeFiles/beagle_library.dir/src/dependent_parameters.f90.gcda:Skip
profiling:/home/ec296/rds:Cannot create directory
profiling:/home/ec296/rds/rds-rm665-beagle_shared/code/eclake_BEAGLE/build/CMakeFiles/beagle_library.dir/src/SPS_routines.f90.gcda:Skip
profiling:/home/ec296/rds:Cannot create directory
profiling:/home/ec296/rds/rds-rm665-beagle_shared/code/eclake_BEAGLE/build/CMakeFiles/beagle_library.dir/src/PhotBandMod.f90.gcda:Skip
profiling:/home/ec296/rds:Cannot create directory
profiling:/home/ec296/rds/rds-rm665-beagle_shared/code/eclake_BEAGLE/build/CMakeFiles/beagle_library.dir/src/PhotBandListMod.f90.gcda:Skip
profiling:/home/ec296/rds:Cannot create directory
profiling:/home/ec296/rds/rds-rm665-beagle_shared/code/eclake_BEAGLE/build/CMakeFiles/beagle_library.dir/src/IGM_absorption.f90.gcda:Skip
profiling:/home/ec296/rds:Cannot create directory
profiling:/home/ec296/rds/rds-rm665-beagle_shared/code/eclake_BEAGLE/build/CMakeFiles/beagle_library.dir/src/handle_spectra.f90.gcda:Skip
profiling:/home/ec296/rds:Cannot create directory
profiling:/home/ec296/rds/rds-rm665-beagle_shared/code/eclake_BEAGLE/build/CMakeFiles/beagle_library.dir/src/versionsMod.f90.gcda:Skip
profiling:/home/ec296/rds:Cannot create directory
profiling:/home/ec296/rds/rds-rm665-beagle_shared/code/eclake_BEAGLE/build/CMakeFiles/beagle_library.dir/src/type_templates_stellar.f90.gcda:Skip
profiling:/home/ec296/rds:Cannot create directory
profiling:/home/ec296/rds/rds-rm665-beagle_shared/code/eclake_BEAGLE/build/CMakeFiles/beagle_library.dir/src/type_galaxy.f90.gcda:Skip
profiling:/home/ec296/rds:Cannot create directory
profiling:/home/ec296/rds/rds-rm665-beagle_shared/code/eclake_BEAGLE/build/CMakeFiles/beagle_library.dir/src/templates_parsing.f90.gcda:Skip
profiling:/home/ec296/rds:Cannot create directory
profiling:/home/ec296/rds/rds-rm665-beagle_shared/code/eclake_BEAGLE/build/CMakeFiles/beagle_library.dir/src/star_formation.f90.gcda:Skip
profiling:/home/ec296/rds:Cannot create directory
profiling:/home/ec296/rds/rds-rm665-beagle_shared/code/eclake_BEAGLE/build/CMakeFiles/beagle_library.dir/src/spectral_indices.f90.gcda:Skip
profiling:/home/ec296/rds:Cannot create directory
profiling:/home/ec296/rds/rds-rm665-beagle_shared/code/eclake_BEAGLE/build/CMakeFiles/beagle_library.dir/src/plot_results.f90.gcda:Skip
profiling:/home/ec296/rds:Cannot create directory
profiling:/home/ec296/rds/rds-rm665-beagle_shared/code/eclake_BEAGLE/build/CMakeFiles/beagle_library.dir/src/parameters_handling.f90.gcda:Skip
profiling:/home/ec296/rds:Cannot create directory
profiling:/home/ec296/rds/rds-rm665-beagle_shared/code/eclake_BEAGLE/build/CMakeFiles/beagle_library.dir/src/parameters_definitions.f90.gcda:Skip
profiling:/home/ec296/rds:Cannot create directory
profiling:/home/ec296/rds/rds-rm665-beagle_shared/code/eclake_BEAGLE/build/CMakeFiles/beagle_library.dir/src/nebular_emission.f90.gcda:Skip
profiling:/home/ec296/rds:Cannot create directory
profiling:/home/ec296/rds/rds-rm665-beagle_shared/code/eclake_BEAGLE/build/CMakeFiles/beagle_library.dir/src/mock_observations.f90.gcda:Skip
profiling:/home/ec296/rds:Cannot create directory
profiling:/home/ec296/rds/rds-rm665-beagle_shared/code/eclake_BEAGLE/build/CMakeFiles/beagle_library.dir/src/likelihood_function.f90.gcda:Skip
profiling:/home/ec296/rds:Cannot create directory
profiling:/home/ec296/rds/rds-rm665-beagle_shared/code/eclake_BEAGLE/build/CMakeFiles/beagle_library.dir/src/io_spectra.f90.gcda:Skip
profiling:/home/ec296/rds:Cannot create directory
profiling:/home/ec296/rds/rds-rm665-beagle_shared/code/eclake_BEAGLE/build/CMakeFiles/beagle_library.dir/src/io_results.f90.gcda:Skip
profiling:/home/ec296/rds:Cannot create directory
profiling:/home/ec296/rds/rds-rm665-beagle_shared/code/eclake_BEAGLE/build/CMakeFiles/beagle_library.dir/src/io_nebular_emission.f90.gcda:Skip
profiling:/home/ec296/rds:Cannot create directory
profiling:/home/ec296/rds/rds-rm665-beagle_shared/code/eclake_BEAGLE/build/CMakeFiles/beagle_library.dir/src/io_generic.f90.gcda:Skip
profiling:/home/ec296/rds:Cannot create directory
profiling:/home/ec296/rds/rds-rm665-beagle_shared/code/eclake_BEAGLE/build/CMakeFiles/beagle_library.dir/src/handle_templates.f90.gcda:Skip
profiling:/home/ec296/rds:Cannot create directory
profiling:/home/ec296/rds/rds-rm665-beagle_shared/code/eclake_BEAGLE/build/CMakeFiles/beagle_library.dir/src/galaxy_SED.f90.gcda:Skip
profiling:/home/ec296/rds:Cannot create directory
profiling:/home/ec296/rds/rds-rm665-beagle_shared/code/eclake_BEAGLE/build/CMakeFiles/beagle_library.dir/src/dust_prescriptions.f90.gcda:Skip
profiling:/home/ec296/rds:Cannot create directory
profiling:/home/ec296/rds/rds-rm665-beagle_shared/code/eclake_BEAGLE/build/CMakeFiles/beagle_library.dir/src/cosmology.f90.gcda:Skip
profiling:/home/ec296/rds:Cannot create directory
profiling:/home/ec296/rds/rds-rm665-beagle_shared/code/eclake_BEAGLE/build/CMakeFiles/beagle_library.dir/src/configHeaderMod.f90.gcda:Skip
profiling:/home/ec296/rds:Cannot create directory
profiling:/home/ec296/rds/rds-rm665-beagle_shared/code/eclake_BEAGLE/build/CMakeFiles/beagle_library.dir/src/alpha_elements.f90.gcda:Skip
profiling:/home/ec296/rds:Cannot create directory
profiling:/home/ec296/rds/rds-rm665-beagle_shared/code/eclake_BEAGLE/build/CMakeFiles/beagle_library.dir/src/SpectrumClassMod.f90.gcda:Skip
profiling:/home/ec296/rds:Cannot create directory
profiling:/home/ec296/rds/rds-rm665-beagle_shared/code/eclake_BEAGLE/build/CMakeFiles/beagle_library.dir/src/PriorsCatalagueMod.f90.gcda:Skip
profiling:/home/ec296/rds:Cannot create directory
profiling:/home/ec296/rds/rds-rm665-beagle_shared/code/eclake_BEAGLE/build/CMakeFiles/beagle_library.dir/src/PhysicalQuantityMod.f90.gcda:Skip
profiling:/home/ec296/rds:Cannot create directory
profiling:/home/ec296/rds/rds-rm665-beagle_shared/code/eclake_BEAGLE/build/CMakeFiles/beagle_library.dir/src/PhysicalParameterMod.f90.gcda:Skip
profiling:/home/ec296/rds:Cannot create directory
profiling:/home/ec296/rds/rds-rm665-beagle_shared/code/eclake_BEAGLE/build/CMakeFiles/beagle_library.dir/src/PhotObjListMod.f90.gcda:Skip
profiling:/home/ec296/rds:Cannot create directory
profiling:/home/ec296/rds/rds-rm665-beagle_shared/code/eclake_BEAGLE/build/CMakeFiles/beagle_library.dir/src/PhotFilterMod.f90.gcda:Skip
profiling:/home/ec296/rds:Cannot create directory
profiling:/home/ec296/rds/rds-rm665-beagle_shared/code/eclake_BEAGLE/build/CMakeFiles/beagle_library.dir/src/PhotFilterListMod.f90.gcda:Skip
profiling:/home/ec296/rds:Cannot create directory
profiling:/home/ec296/rds/rds-rm665-beagle_shared/code/eclake_BEAGLE/build/CMakeFiles/beagle_library.dir/src/PhotCatalogueMod.f90.gcda:Skip
profiling:/home/ec296/rds:Cannot create directory
profiling:/home/ec296/rds/rds-rm665-beagle_shared/code/eclake_BEAGLE/build/CMakeFiles/beagle_library.dir/src/MCfor_parameters.f90.gcda:Skip
profiling:/home/ec296/rds:Cannot create directory
profiling:/home/ec296/rds/rds-rm665-beagle_shared/code/eclake_BEAGLE/build/CMakeFiles/beagle_library.dir/src/BEAGLE_common.f90.gcda:Skip
profiling:/home/ec296/rds:Cannot create directory
profiling:/home/ec296/rds/rds-rm665-beagle_shared/code/eclake_BEAGLE/build/CMakeFiles/beagle_library.dir/src/iotemplates.f90.gcda:Skip
profiling:/home/ec296/rds:Cannot create directory
profiling:/home/ec296/rds/rds-rm665-beagle_shared/code/eclake_BEAGLE/build/CMakeFiles/beagle_library.dir/src/instrumental_effects.f90.gcda:Skip
profiling:/home/ec296/rds:Cannot create directory
profiling:/home/ec296/rds/rds-rm665-beagle_shared/code/astrofortran/build/dependencies/fpl/src/lib/CMakeFiles/fpl.dir/Wrapper/DimensionsWrapper7D/DimensionsWrapper7D_R8P.f90.gcda:Skip
profiling:/home/ec296/rds:Cannot create directory
profiling:/home/ec296/rds/rds-rm665-beagle_shared/code/astrofortran/build/dependencies/fpl/src/lib/CMakeFiles/fpl.dir/Wrapper/DimensionsWrapper7D/DimensionsWrapper7D_R4P.f90.gcda:Skip
profiling:/home/ec296/rds:Cannot create directory
profiling:/home/ec296/rds/rds-rm665-beagle_shared/code/astrofortran/build/dependencies/fpl/src/lib/CMakeFiles/fpl.dir/Wrapper/DimensionsWrapper7D/DimensionsWrapper7D_L.f90.gcda:Skip
profiling:/home/ec296/rds:Cannot create directory
profiling:/home/ec296/rds/rds-rm665-beagle_shared/code/astrofortran/build/dependencies/fpl/src/lib/CMakeFiles/fpl.dir/Wrapper/DimensionsWrapper7D/DimensionsWrapper7D_I8P.f90.gcda:Skip
profiling:/home/ec296/rds:Cannot create directory
profiling:/home/ec296/rds/rds-rm665-beagle_shared/code/astrofortran/build/dependencies/fpl/src/lib/CMakeFiles/fpl.dir/Wrapper/DimensionsWrapper7D/DimensionsWrapper7D_I4P.f90.gcda:Skip
profiling:/home/ec296/rds:Cannot create directory
profiling:/home/ec296/rds/rds-rm665-beagle_shared/code/astrofortran/build/dependencies/fpl/src/lib/CMakeFiles/fpl.dir/Wrapper/DimensionsWrapper7D/DimensionsWrapper7D_I2P.f90.gcda:Skip
profiling:/home/ec296/rds:Cannot create directory
profiling:/home/ec296/rds/rds-rm665-beagle_shared/code/astrofortran/build/dependencies/fpl/src/lib/CMakeFiles/fpl.dir/Wrapper/DimensionsWrapper7D/DimensionsWrapper7D_I1P.f90.gcda:Skip
profiling:/home/ec296/rds:Cannot create directory
profiling:/home/ec296/rds/rds-rm665-beagle_shared/code/astrofortran/build/dependencies/fpl/src/lib/CMakeFiles/fpl.dir/Wrapper/DimensionsWrapper7D/DimensionsWrapper7D_DLCA.f90.gcda:Skip
profiling:/home/ec296/rds:Cannot create directory
profiling:/home/ec296/rds/rds-rm665-beagle_shared/code/astrofortran/build/dependencies/fpl/src/lib/CMakeFiles/fpl.dir/Wrapper/DimensionsWrapper6D/DimensionsWrapper6D_R8P.f90.gcda:Skip
profiling:/home/ec296/rds:Cannot create directory
profiling:/home/ec296/rds/rds-rm665-beagle_shared/code/astrofortran/build/dependencies/fpl/src/lib/CMakeFiles/fpl.dir/Wrapper/DimensionsWrapper6D/DimensionsWrapper6D_R4P.f90.gcda:Skip
profiling:/home/ec296/rds:Cannot create directory
profiling:/home/ec296/rds/rds-rm665-beagle_shared/code/astrofortran/build/dependencies/fpl/src/lib/CMakeFiles/fpl.dir/Wrapper/DimensionsWrapper6D/DimensionsWrapper6D_L.f90.gcda:Skip
profiling:/home/ec296/rds:Cannot create directory
profiling:/home/ec296/rds/rds-rm665-beagle_shared/code/astrofortran/build/dependencies/fpl/src/lib/CMakeFiles/fpl.dir/Wrapper/DimensionsWrapper6D/DimensionsWrapper6D_I8P.f90.gcda:Skip
profiling:/home/ec296/rds:Cannot create directory
profiling:/home/ec296/rds/rds-rm665-beagle_shared/code/astrofortran/build/dependencies/fpl/src/lib/CMakeFiles/fpl.dir/Wrapper/DimensionsWrapper6D/DimensionsWrapper6D_I4P.f90.gcda:Skip
profiling:/home/ec296/rds:Cannot create directory
profiling:/home/ec296/rds/rds-rm665-beagle_shared/code/astrofortran/build/dependencies/fpl/src/lib/CMakeFiles/fpl.dir/Wrapper/DimensionsWrapper6D/DimensionsWrapper6D_I2P.f90.gcda:Skip
profiling:/home/ec296/rds:Cannot create directory
profiling:/home/ec296/rds/rds-rm665-beagle_shared/code/astrofortran/build/dependencies/fpl/src/lib/CMakeFiles/fpl.dir/Wrapper/DimensionsWrapper6D/DimensionsWrapper6D_I1P.f90.gcda:Skip
profiling:/home/ec296/rds:Cannot create directory
profiling:/home/ec296/rds/rds-rm665-beagle_shared/code/astrofortran/build/dependencies/fpl/src/lib/CMakeFiles/fpl.dir/Wrapper/DimensionsWrapper6D/DimensionsWrapper6D_DLCA.f90.gcda:Skip
profiling:/home/ec296/rds:Cannot create directory
profiling:/home/ec296/rds/rds-rm665-beagle_shared/code/astrofortran/build/dependencies/fpl/src/lib/CMakeFiles/fpl.dir/Wrapper/DimensionsWrapper5D/DimensionsWrapper5D_R8P.f90.gcda:Skip
profiling:/home/ec296/rds:Cannot create directory
profiling:/home/ec296/rds/rds-rm665-beagle_shared/code/astrofortran/build/dependencies/fpl/src/lib/CMakeFiles/fpl.dir/Wrapper/DimensionsWrapper5D/DimensionsWrapper5D_R4P.f90.gcda:Skip
profiling:/home/ec296/rds:Cannot create directory
profiling:/home/ec296/rds/rds-rm665-beagle_shared/code/astrofortran/build/dependencies/fpl/src/lib/CMakeFiles/fpl.dir/Wrapper/DimensionsWrapper5D/DimensionsWrapper5D_L.f90.gcda:Skip
profiling:/home/ec296/rds:Cannot create directory
profiling:/home/ec296/rds/rds-rm665-beagle_shared/code/astrofortran/build/dependencies/fpl/src/lib/CMakeFiles/fpl.dir/Wrapper/DimensionsWrapper5D/DimensionsWrapper5D_I8P.f90.gcda:Skip
profiling:/home/ec296/rds:Cannot create directory
profiling:/home/ec296/rds/rds-rm665-beagle_shared/code/astrofortran/build/dependencies/fpl/src/lib/CMakeFiles/fpl.dir/Wrapper/DimensionsWrapper5D/DimensionsWrapper5D_I4P.f90.gcda:Skip
profiling:/home/ec296/rds:Cannot create directory
profiling:/home/ec296/rds/rds-rm665-beagle_shared/code/astrofortran/build/dependencies/fpl/src/lib/CMakeFiles/fpl.dir/Wrapper/DimensionsWrapper5D/DimensionsWrapper5D_I2P.f90.gcda:Skip
profiling:/home/ec296/rds:Cannot create directory
profiling:/home/ec296/rds/rds-rm665-beagle_shared/code/astrofortran/build/dependencies/fpl/src/lib/CMakeFiles/fpl.dir/Wrapper/DimensionsWrapper5D/DimensionsWrapper5D_I1P.f90.gcda:Skip
profiling:/home/ec296/rds:Cannot create directory
profiling:/home/ec296/rds/rds-rm665-beagle_shared/code/astrofortran/build/dependencies/fpl/src/lib/CMakeFiles/fpl.dir/Wrapper/DimensionsWrapper5D/DimensionsWrapper5D_DLCA.f90.gcda:Skip
profiling:/home/ec296/rds:Cannot create directory
profiling:/home/ec296/rds/rds-rm665-beagle_shared/code/astrofortran/build/dependencies/fpl/src/lib/CMakeFiles/fpl.dir/Wrapper/DimensionsWrapper4D/DimensionsWrapper4D_R8P.f90.gcda:Skip
profiling:/home/ec296/rds:Cannot create directory
profiling:/home/ec296/rds/rds-rm665-beagle_shared/code/astrofortran/build/dependencies/fpl/src/lib/CMakeFiles/fpl.dir/Wrapper/DimensionsWrapper4D/DimensionsWrapper4D_R4P.f90.gcda:Skip
profiling:/home/ec296/rds:Cannot create directory
profiling:/home/ec296/rds/rds-rm665-beagle_shared/code/astrofortran/build/dependencies/fpl/src/lib/CMakeFiles/fpl.dir/Wrapper/DimensionsWrapper4D/DimensionsWrapper4D_L.f90.gcda:Skip
profiling:/home/ec296/rds:Cannot create directory
profiling:/home/ec296/rds/rds-rm665-beagle_shared/code/astrofortran/build/dependencies/fpl/src/lib/CMakeFiles/fpl.dir/Wrapper/DimensionsWrapper4D/DimensionsWrapper4D_I8P.f90.gcda:Skip
profiling:/home/ec296/rds:Cannot create directory
profiling:/home/ec296/rds/rds-rm665-beagle_shared/code/astrofortran/build/dependencies/fpl/src/lib/CMakeFiles/fpl.dir/Wrapper/DimensionsWrapper4D/DimensionsWrapper4D_I4P.f90.gcda:Skip
profiling:/home/ec296/rds:Cannot create directory
profiling:/home/ec296/rds/rds-rm665-beagle_shared/code/astrofortran/build/dependencies/fpl/src/lib/CMakeFiles/fpl.dir/Wrapper/DimensionsWrapper4D/DimensionsWrapper4D_I2P.f90.gcda:Skip
profiling:/home/ec296/rds:Cannot create directory
profiling:/home/ec296/rds/rds-rm665-beagle_shared/code/astrofortran/build/dependencies/fpl/src/lib/CMakeFiles/fpl.dir/Wrapper/DimensionsWrapper4D/DimensionsWrapper4D_I1P.f90.gcda:Skip
profiling:/home/ec296/rds:Cannot create directory
profiling:/home/ec296/rds/rds-rm665-beagle_shared/code/astrofortran/build/dependencies/fpl/src/lib/CMakeFiles/fpl.dir/Wrapper/DimensionsWrapper4D/DimensionsWrapper4D_DLCA.f90.gcda:Skip
profiling:/home/ec296/rds:Cannot create directory
profiling:/home/ec296/rds/rds-rm665-beagle_shared/code/astrofortran/build/dependencies/fpl/src/lib/CMakeFiles/fpl.dir/Wrapper/DimensionsWrapper3D/DimensionsWrapper3D_R8P.f90.gcda:Skip
profiling:/home/ec296/rds:Cannot create directory
profiling:/home/ec296/rds/rds-rm665-beagle_shared/code/astrofortran/build/dependencies/fpl/src/lib/CMakeFiles/fpl.dir/Wrapper/DimensionsWrapper3D/DimensionsWrapper3D_R4P.f90.gcda:Skip
profiling:/home/ec296/rds:Cannot create directory
profiling:/home/ec296/rds/rds-rm665-beagle_shared/code/astrofortran/build/dependencies/fpl/src/lib/CMakeFiles/fpl.dir/Wrapper/DimensionsWrapper3D/DimensionsWrapper3D_L.f90.gcda:Skip
profiling:/home/ec296/rds:Cannot create directory
profiling:/home/ec296/rds/rds-rm665-beagle_shared/code/astrofortran/build/dependencies/fpl/src/lib/CMakeFiles/fpl.dir/Wrapper/DimensionsWrapper3D/DimensionsWrapper3D_I8P.f90.gcda:Skip
profiling:/home/ec296/rds:Cannot create directory
profiling:/home/ec296/rds/rds-rm665-beagle_shared/code/astrofortran/build/dependencies/fpl/src/lib/CMakeFiles/fpl.dir/Wrapper/DimensionsWrapper3D/DimensionsWrapper3D_I4P.f90.gcda:Skip
profiling:/home/ec296/rds:Cannot create directory
profiling:/home/ec296/rds/rds-rm665-beagle_shared/code/astrofortran/build/dependencies/fpl/src/lib/CMakeFiles/fpl.dir/Wrapper/DimensionsWrapper3D/DimensionsWrapper3D_I2P.f90.gcda:Skip
profiling:/home/ec296/rds:Cannot create directory
profiling:/home/ec296/rds/rds-rm665-beagle_shared/code/astrofortran/build/dependencies/fpl/src/lib/CMakeFiles/fpl.dir/Wrapper/DimensionsWrapper3D/DimensionsWrapper3D_I1P.f90.gcda:Skip
profiling:/home/ec296/rds:Cannot create directory
profiling:/home/ec296/rds/rds-rm665-beagle_shared/code/astrofortran/build/dependencies/fpl/src/lib/CMakeFiles/fpl.dir/Wrapper/DimensionsWrapper3D/DimensionsWrapper3D_DLCA.f90.gcda:Skip
profiling:/home/ec296/rds:Cannot create directory
profiling:/home/ec296/rds/rds-rm665-beagle_shared/code/astrofortran/build/dependencies/fpl/src/lib/CMakeFiles/fpl.dir/Wrapper/DimensionsWrapper2D/DimensionsWrapper2D_R8P.f90.gcda:Skip
profiling:/home/ec296/rds:Cannot create directory
profiling:/home/ec296/rds/rds-rm665-beagle_shared/code/astrofortran/build/dependencies/fpl/src/lib/CMakeFiles/fpl.dir/Wrapper/DimensionsWrapper2D/DimensionsWrapper2D_R4P.f90.gcda:Skip
profiling:/home/ec296/rds:Cannot create directory
profiling:/home/ec296/rds/rds-rm665-beagle_shared/code/astrofortran/build/dependencies/fpl/src/lib/CMakeFiles/fpl.dir/Wrapper/DimensionsWrapper2D/DimensionsWrapper2D_L.f90.gcda:Skip
profiling:/home/ec296/rds:Cannot create directory
profiling:/home/ec296/rds/rds-rm665-beagle_shared/code/astrofortran/build/dependencies/fpl/src/lib/CMakeFiles/fpl.dir/Wrapper/DimensionsWrapper2D/DimensionsWrapper2D_I8P.f90.gcda:Skip
profiling:/home/ec296/rds:Cannot create directory
profiling:/home/ec296/rds/rds-rm665-beagle_shared/code/astrofortran/build/dependencies/fpl/src/lib/CMakeFiles/fpl.dir/Wrapper/DimensionsWrapper2D/DimensionsWrapper2D_I4P.f90.gcda:Skip
profiling:/home/ec296/rds:Cannot create directory
profiling:/home/ec296/rds/rds-rm665-beagle_shared/code/astrofortran/build/dependencies/fpl/src/lib/CMakeFiles/fpl.dir/Wrapper/DimensionsWrapper2D/DimensionsWrapper2D_I2P.f90.gcda:Skip
profiling:/home/ec296/rds:Cannot create directory
profiling:/home/ec296/rds/rds-rm665-beagle_shared/code/astrofortran/build/dependencies/fpl/src/lib/CMakeFiles/fpl.dir/Wrapper/DimensionsWrapper2D/DimensionsWrapper2D_I1P.f90.gcda:Skip
profiling:/home/ec296/rds:Cannot create directory
profiling:/home/ec296/rds/rds-rm665-beagle_shared/code/astrofortran/build/dependencies/fpl/src/lib/CMakeFiles/fpl.dir/Wrapper/DimensionsWrapper2D/DimensionsWrapper2D_DLCA.f90.gcda:Skip
profiling:/home/ec296/rds:Cannot create directory
profiling:/home/ec296/rds/rds-rm665-beagle_shared/code/astrofortran/build/dependencies/fpl/src/lib/CMakeFiles/fpl.dir/Wrapper/DimensionsWrapper1D/DimensionsWrapper1D_R8P.f90.gcda:Skip
profiling:/home/ec296/rds:Cannot create directory
profiling:/home/ec296/rds/rds-rm665-beagle_shared/code/astrofortran/build/dependencies/fpl/src/lib/CMakeFiles/fpl.dir/Wrapper/DimensionsWrapper1D/DimensionsWrapper1D_R4P.f90.gcda:Skip
profiling:/home/ec296/rds:Cannot create directory
profiling:/home/ec296/rds/rds-rm665-beagle_shared/code/astrofortran/build/dependencies/fpl/src/lib/CMakeFiles/fpl.dir/Wrapper/DimensionsWrapper1D/DimensionsWrapper1D_L.f90.gcda:Skip
profiling:/home/ec296/rds:Cannot create directory
profiling:/home/ec296/rds/rds-rm665-beagle_shared/code/astrofortran/build/dependencies/fpl/src/lib/CMakeFiles/fpl.dir/Wrapper/DimensionsWrapper1D/DimensionsWrapper1D_I8P.f90.gcda:Skip
profiling:/home/ec296/rds:Cannot create directory
profiling:/home/ec296/rds/rds-rm665-beagle_shared/code/astrofortran/build/dependencies/fpl/src/lib/CMakeFiles/fpl.dir/Wrapper/DimensionsWrapper1D/DimensionsWrapper1D_I4P.f90.gcda:Skip
profiling:/home/ec296/rds:Cannot create directory
profiling:/home/ec296/rds/rds-rm665-beagle_shared/code/astrofortran/build/dependencies/fpl/src/lib/CMakeFiles/fpl.dir/Wrapper/DimensionsWrapper1D/DimensionsWrapper1D_I2P.f90.gcda:Skip
profiling:/home/ec296/rds:Cannot create directory
profiling:/home/ec296/rds/rds-rm665-beagle_shared/code/astrofortran/build/dependencies/fpl/src/lib/CMakeFiles/fpl.dir/Wrapper/DimensionsWrapper1D/DimensionsWrapper1D_I1P.f90.gcda:Skip
profiling:/home/ec296/rds:Cannot create directory
profiling:/home/ec296/rds/rds-rm665-beagle_shared/code/astrofortran/build/dependencies/fpl/src/lib/CMakeFiles/fpl.dir/Wrapper/DimensionsWrapper1D/DimensionsWrapper1D_DLCA.f90.gcda:Skip
profiling:/home/ec296/rds:Cannot create directory
profiling:/home/ec296/rds/rds-rm665-beagle_shared/code/astrofortran/build/dependencies/fpl/src/lib/CMakeFiles/fpl.dir/Wrapper/DimensionsWrapper0D/DimensionsWrapper0D_I2P.f90.gcda:Skip
profiling:/home/ec296/rds:Cannot create directory
profiling:/home/ec296/rds/rds-rm665-beagle_shared/code/astrofortran/build/dependencies/fpl/src/lib/CMakeFiles/fpl.dir/Wrapper/DimensionsWrapper0D/DimensionsWrapper0D_I1P.f90.gcda:Skip
profiling:/home/ec296/rds:Cannot create directory
profiling:/home/ec296/rds/rds-rm665-beagle_shared/code/astrofortran/build/dependencies/fpl/src/lib/CMakeFiles/fpl.dir/Wrapper/WrapperFactory/R8PWrapperFactory.f90.gcda:Skip
profiling:/home/ec296/rds:Cannot create directory
profiling:/home/ec296/rds/rds-rm665-beagle_shared/code/astrofortran/build/dependencies/fpl/src/lib/CMakeFiles/fpl.dir/Wrapper/WrapperFactory/R4PWrapperFactory.f90.gcda:Skip
profiling:/home/ec296/rds:Cannot create directory
profiling:/home/ec296/rds/rds-rm665-beagle_shared/code/astrofortran/build/dependencies/fpl/src/lib/CMakeFiles/fpl.dir/Wrapper/WrapperFactory/LWrapperFactory.f90.gcda:Skip
profiling:/home/ec296/rds:Cannot create directory
profiling:/home/ec296/rds/rds-rm665-beagle_shared/code/astrofortran/build/dependencies/fpl/src/lib/CMakeFiles/fpl.dir/Wrapper/WrapperFactory/I8PWrapperFactory.f90.gcda:Skip
profiling:/home/ec296/rds:Cannot create directory
profiling:/home/ec296/rds/rds-rm665-beagle_shared/code/astrofortran/build/dependencies/fpl/src/lib/CMakeFiles/fpl.dir/Wrapper/WrapperFactory/I4PWrapperFactory.f90.gcda:Skip
profiling:/home/ec296/rds:Cannot create directory
profiling:/home/ec296/rds/rds-rm665-beagle_shared/code/astrofortran/build/dependencies/fpl/src/lib/CMakeFiles/fpl.dir/Wrapper/WrapperFactory/I2PWrapperFactory.f90.gcda:Skip
profiling:/home/ec296/rds:Cannot create directory
profiling:/home/ec296/rds/rds-rm665-beagle_shared/code/astrofortran/build/dependencies/fpl/src/lib/CMakeFiles/fpl.dir/Wrapper/WrapperFactory/I1PWrapperFactory.f90.gcda:Skip
profiling:/home/ec296/rds:Cannot create directory
profiling:/home/ec296/rds/rds-rm665-beagle_shared/code/astrofortran/build/dependencies/fpl/src/lib/CMakeFiles/fpl.dir/Wrapper/WrapperFactory/DLACWrapperFactory.f90.gcda:Skip
profiling:/home/ec296/rds:Cannot create directory
profiling:/home/ec296/rds/rds-rm665-beagle_shared/code/astrofortran/build/dependencies/fpl/src/lib/CMakeFiles/fpl.dir/ParameterEntryDictionary.f90.gcda:Skip
profiling:/home/ec296/rds:Cannot create directory
profiling:/home/ec296/rds/rds-rm665-beagle_shared/code/astrofortran/build/dependencies/fpl/src/lib/CMakeFiles/fpl.dir/ParameterEntry.f90.gcda:Skip
profiling:/home/ec296/rds:Cannot create directory
profiling:/home/ec296/rds/rds-rm665-beagle_shared/code/astrofortran/build/dependencies/fpl/src/lib/CMakeFiles/fpl.dir/FPL_utils.f90.gcda:Skip
profiling:/home/ec296/rds:Cannot create directory
profiling:/home/ec296/rds/rds-rm665-beagle_shared/code/astrofortran/build/dependencies/fpl/src/lib/CMakeFiles/fpl.dir/ErrorMessages.f90.gcda:Skip
profiling:/home/ec296/rds:Cannot create directory
profiling:/home/ec296/rds/rds-rm665-beagle_shared/code/astrofortran/build/dependencies/fpl/src/lib/CMakeFiles/fpl.dir/Wrapper/WrapperFactoryListSingleton.f90.gcda:Skip
profiling:/home/ec296/rds:Cannot create directory
profiling:/home/ec296/rds/rds-rm665-beagle_shared/code/astrofortran/build/dependencies/fpl/src/lib/CMakeFiles/fpl.dir/Wrapper/WrapperFactoryList.f90.gcda:Skip
profiling:/home/ec296/rds:Cannot create directory
profiling:/home/ec296/rds/rds-rm665-beagle_shared/code/astrofortran/build/dependencies/fpl/src/lib/CMakeFiles/fpl.dir/Wrapper/DimensionsWrapper0D/DimensionsWrapper0D_R8P.f90.gcda:Skip
profiling:/home/ec296/rds:Cannot create directory
profiling:/home/ec296/rds/rds-rm665-beagle_shared/code/astrofortran/build/dependencies/fpl/src/lib/CMakeFiles/fpl.dir/Wrapper/DimensionsWrapper0D/DimensionsWrapper0D_R4P.f90.gcda:Skip
profiling:/home/ec296/rds:Cannot create directory
profiling:/home/ec296/rds/rds-rm665-beagle_shared/code/astrofortran/build/dependencies/fpl/src/lib/CMakeFiles/fpl.dir/Wrapper/DimensionsWrapper0D/DimensionsWrapper0D_L.f90.gcda:Skip
profiling:/home/ec296/rds:Cannot create directory
profiling:/home/ec296/rds/rds-rm665-beagle_shared/code/astrofortran/build/dependencies/fpl/src/lib/CMakeFiles/fpl.dir/Wrapper/DimensionsWrapper0D/DimensionsWrapper0D_I8P.f90.gcda:Skip
profiling:/home/ec296/rds:Cannot create directory
profiling:/home/ec296/rds/rds-rm665-beagle_shared/code/astrofortran/build/dependencies/fpl/src/lib/CMakeFiles/fpl.dir/Wrapper/DimensionsWrapper0D/DimensionsWrapper0D_I4P.f90.gcda:Skip
profiling:/home/ec296/rds:Cannot create directory
profiling:/home/ec296/rds/rds-rm665-beagle_shared/code/astrofortran/build/dependencies/fpl/src/lib/CMakeFiles/fpl.dir/Wrapper/DimensionsWrapper0D/DimensionsWrapper0D_DLCA.f90.gcda:Skip
profiling:/home/ec296/rds:Cannot create directory
profiling:/home/ec296/rds/rds-rm665-beagle_shared/code/astrofortran/build/dependencies/fpl/src/lib/CMakeFiles/fpl.dir/Wrapper/DimensionsWrapper.f90.gcda:Skip
profiling:/home/ec296/rds:Cannot create directory
profiling:/home/ec296/rds/rds-rm665-beagle_shared/code/astrofortran/build/dependencies/fpl/src/lib/CMakeFiles/fpl.dir/ParameterRootEntry.f90.gcda:Skip
profiling:/home/ec296/rds:Cannot create directory
profiling:/home/ec296/rds/rds-rm665-beagle_shared/code/astrofortran/build/dependencies/fpl/src/lib/CMakeFiles/fpl.dir/ParameterList.f90.gcda:Skip
profiling:/home/ec296/rds:Cannot create directory
profiling:/home/ec296/rds/rds-rm665-beagle_shared/code/astrofortran/build/dependencies/fpl/src/lib/CMakeFiles/fpl.dir/FPL.f90.gcda:Skip
profiling:/home/ec296/rds:Cannot create directory
profiling:/home/ec296/rds/rds-rm665-beagle_shared/code/astrofortran/build/dependencies/jsonfortran/CMakeFiles/jsonfortran-static.dir/src/json_string_utilities.F90.gcda:Skip
profiling:/home/ec296/rds:Cannot create directory
profiling:/home/ec296/rds/rds-rm665-beagle_shared/code/astrofortran/build/dependencies/jsonfortran/CMakeFiles/jsonfortran-static.dir/src/json_file_module.F90.gcda:Skip
profiling:/home/ec296/rds:Cannot create directory
profiling:/home/ec296/rds/rds-rm665-beagle_shared/code/astrofortran/build/dependencies/jsonfortran/CMakeFiles/jsonfortran-static.dir/src/json_value_module.F90.gcda:Skip
profiling:/home/ec296/rds:Cannot create directory
profiling:/home/ec296/rds/rds-rm665-beagle_shared/code/astrofortran/build/dependencies/fover/CMakeFiles/fover.dir/src/fover.f90.gcda:Skip
profiling:/home/ec296/rds:Cannot create directory
profiling:/home/ec296/rds/rds-rm665-beagle_shared/code/astrofortran/build/dependencies/fitter/CMakeFiles/fitter.dir/src/lib/fitter_snippet.f90.gcda:Skip
profiling:/home/ec296/rds:Cannot create directory
profiling:/home/ec296/rds/rds-rm665-beagle_shared/code/astrofortran/build/dependencies/fitter/CMakeFiles/fitter.dir/src/lib/fitter.f90.gcda:Skip
profiling:/home/ec296/rds:Cannot create directory
profiling:/home/ec296/rds/rds-rm665-beagle_shared/code/astrofortran/build/dependencies/penf/CMakeFiles/penf.dir/src/lib/penf_b_size.F90.gcda:Skip
profiling:/home/ec296/rds:Cannot create directory
profiling:/home/ec296/rds/rds-rm665-beagle_shared/code/astrofortran/build/dependencies/penf/CMakeFiles/penf.dir/src/lib/penf_stringify.F90.gcda:Skip
profiling:/home/ec296/rds:Cannot create directory
profiling:/home/ec296/rds/rds-rm665-beagle_shared/code/astrofortran/build/dependencies/filesys/CMakeFiles/filesys.dir/common.F90.gcda:Skip
profiling:/home/ec296/rds:Cannot create directory
profiling:/home/ec296/rds/rds-rm665-beagle_shared/code/astrofortran/build/dependencies/filesys/CMakeFiles/filesys.dir/_module_.F90.gcda:Skip
profiling:/home/ec296/rds:Cannot create directory
profiling:/home/ec296/rds/rds-rm665-beagle_shared/code/astrofortran/build/CMakeFiles/astrofortran.dir/src/lib_fft.f90.gcda:Skip
profiling:/home/ec296/rds:Cannot create directory
profiling:/home/ec296/rds/rds-rm665-beagle_shared/code/astrofortran/build/CMakeFiles/astrofortran.dir/src/lib_strings.f90.gcda:Skip
profiling:/home/ec296/rds:Cannot create directory
profiling:/home/ec296/rds/rds-rm665-beagle_shared/code/astrofortran/build/CMakeFiles/astrofortran.dir/src/lib_statistics.f90.gcda:Skip
profiling:/home/ec296/rds:Cannot create directory
profiling:/home/ec296/rds/rds-rm665-beagle_shared/code/astrofortran/build/CMakeFiles/astrofortran.dir/src/lib_random.f90.gcda:Skip
profiling:/home/ec296/rds:Cannot create directory
profiling:/home/ec296/rds/rds-rm665-beagle_shared/code/astrofortran/build/CMakeFiles/astrofortran.dir/src/lib_messages.f90.gcda:Skip
profiling:/home/ec296/rds:Cannot create directory
profiling:/home/ec296/rds/rds-rm665-beagle_shared/code/astrofortran/build/CMakeFiles/astrofortran.dir/src/fits_buffers.f90.gcda:Skip
profiling:/home/ec296/rds:Cannot create directory
profiling:/home/ec296/rds/rds-rm665-beagle_shared/code/astrofortran/build/CMakeFiles/astrofortran.dir/src/basic_list.f90.gcda:Skip
profiling:/home/ec296/rds:Cannot create directory
profiling:/home/ec296/rds/rds-rm665-beagle_shared/code/astrofortran/build/CMakeFiles/astrofortran.dir/src/PackageListMod.f90.gcda:Skip
profiling:/home/ec296/rds:Cannot create directory
profiling:/home/ec296/rds/rds-rm665-beagle_shared/code/astrofortran/build/CMakeFiles/astrofortran.dir/src/GenericListMod.f90.gcda:Skip
profiling:/home/ec296/rds:Cannot create directory
profiling:/home/ec296/rds/rds-rm665-beagle_shared/code/astrofortran/build/CMakeFiles/astrofortran.dir/src/ConfigurationClassMod.f90.gcda:Skip
profiling:/home/ec296/rds:Cannot create directory
profiling:/home/ec296/rds/rds-rm665-beagle_shared/code/astrofortran/build/CMakeFiles/astrofortran.dir/src/lib_io.f90.gcda:Skip
profiling:/home/ec296/rds:Cannot create directory
profiling:/home/ec296/rds/rds-rm665-beagle_shared/code/astrofortran/build/CMakeFiles/astrofortran.dir/src/lib_fits_io.f90.gcda:Skip
profiling:/home/ec296/rds:Cannot create directory
profiling:/home/ec296/rds/rds-rm665-beagle_shared/code/astrofortran/build/CMakeFiles/astrofortran.dir/src/lib_checking.f90.gcda:Skip
profiling:/home/ec296/rds:Cannot create directory
profiling:/home/ec296/rds/rds-rm665-beagle_shared/code/astrofortran/build/CMakeFiles/astrofortran.dir/src/DictionaryClass.f90.gcda:Skip
profiling:/home/ec296/rds:Cannot create directory
profiling:/home/ec296/rds/rds-rm665-beagle_shared/code/mcfor/build/dependencies/diver/CMakeFiles/diver.dir/src/crossover.f90.gcda:Skip
profiling:/home/ec296/rds:Cannot create directory
profiling:/home/ec296/rds/rds-rm665-beagle_shared/code/mcfor/build/dependencies/diver/CMakeFiles/diver.dir/src/converge.f90.gcda:Skip
profiling:/home/ec296/rds:Cannot create directory
profiling:/home/ec296/rds/rds-rm665-beagle_shared/code/mcfor/build/dependencies/diver/CMakeFiles/diver.dir/src/selection.f90.gcda:Skip
profiling:/home/ec296/rds:Cannot create directory
profiling:/home/ec296/rds/rds-rm665-beagle_shared/code/mcfor/build/dependencies/diver/CMakeFiles/diver.dir/src/posterior.f90.gcda:Skip
profiling:/home/ec296/rds:Cannot create directory
profiling:/home/ec296/rds/rds-rm665-beagle_shared/code/mcfor/build/dependencies/diver/CMakeFiles/diver.dir/src/mutation.f90.gcda:Skip
profiling:/home/ec296/rds:Cannot create directory
profiling:/home/ec296/rds/rds-rm665-beagle_shared/code/mcfor/build/dependencies/diver/CMakeFiles/diver.dir/src/io.f90.gcda:Skip
profiling:/home/ec296/rds:Cannot create directory
profiling:/home/ec296/rds/rds-rm665-beagle_shared/code/mcfor/build/dependencies/diver/CMakeFiles/diver.dir/src/init.f90.gcda:Skip
profiling:/home/ec296/rds:Cannot create directory
profiling:/home/ec296/rds/rds-rm665-beagle_shared/code/mcfor/build/dependencies/diver/CMakeFiles/diver.dir/src/evidence.f90.gcda:Skip
profiling:/home/ec296/rds:Cannot create directory
profiling:/home/ec296/rds/rds-rm665-beagle_shared/code/mcfor/build/dependencies/diver/CMakeFiles/diver.dir/src/deutils.f90.gcda:Skip
profiling:/home/ec296/rds:Cannot create directory
profiling:/home/ec296/rds/rds-rm665-beagle_shared/code/mcfor/build/dependencies/diver/CMakeFiles/diver.dir/src/de.f90.gcda:Skip
profiling:/home/ec296/rds:Cannot create directory
profiling:/home/ec296/rds/rds-rm665-beagle_shared/code/mcfor/build/dependencies/multinest/CMakeFiles/multinest.dir/kmeans_clstr.f90.gcda:Skip
profiling:/home/ec296/rds:Cannot create directory
profiling:/home/ec296/rds/rds-rm665-beagle_shared/code/mcfor/build/dependencies/multinest/CMakeFiles/multinest.dir/xmeans_clstr.f90.gcda:Skip
profiling:/home/ec296/rds:Cannot create directory
profiling:/home/ec296/rds/rds-rm665-beagle_shared/code/mcfor/build/dependencies/multinest/CMakeFiles/multinest.dir/utils1.f90.gcda:Skip
profiling:/home/ec296/rds:Cannot create directory
profiling:/home/ec296/rds/rds-rm665-beagle_shared/code/mcfor/build/dependencies/multinest/CMakeFiles/multinest.dir/utils.f90.gcda:Skip
profiling:/home/ec296/rds:Cannot create directory
profiling:/home/ec296/rds/rds-rm665-beagle_shared/code/mcfor/build/dependencies/multinest/CMakeFiles/multinest.dir/priors.f90.gcda:Skip
profiling:/home/ec296/rds:Cannot create directory
profiling:/home/ec296/rds/rds-rm665-beagle_shared/code/mcfor/build/dependencies/multinest/CMakeFiles/multinest.dir/posterior.F90.gcda:Skip
profiling:/home/ec296/rds:Cannot create directory
profiling:/home/ec296/rds/rds-rm665-beagle_shared/code/mcfor/build/dependencies/multinest/CMakeFiles/multinest.dir/nested.F90.gcda:Skip
profiling:/home/ec296/rds:Cannot create directory
profiling:/home/ec296/rds/rds-rm665-beagle_shared/code/mcfor/build/dependencies/orderpack2/CMakeFiles/orderpack2.dir/mrgrnk.f90.gcda:Skip
profiling:/home/ec296/rds:Cannot create directory
profiling:/home/ec296/rds/rds-rm665-beagle_shared/code/mcfor/build/CMakeFiles/mcfor.dir/src/PriorDistributionMod.f90.gcda:Skip
profiling:/home/ec296/rds:Cannot create directory
profiling:/home/ec296/rds/rds-rm665-beagle_shared/code/mcfor/build/CMakeFiles/mcfor.dir/src/OptimizatorWrap.f90.gcda:Skip
profiling:/home/ec296/rds:Cannot create directory
profiling:/home/ec296/rds/rds-rm665-beagle_shared/code/mcfor/build/CMakeFiles/mcfor.dir/src/OptimizatorClass.f90.gcda:Skip
profiling:/home/ec296/rds:Cannot create directory
profiling:/home/ec296/rds/rds-rm665-beagle_shared/code/mcfor/build/CMakeFiles/mcfor.dir/src/MCMC_routines.f90.gcda:Skip
profiling:/home/ec296/rds:Cannot create directory
profiling:/home/ec296/rds/rds-rm665-beagle_shared/code/mcfor/build/CMakeFiles/mcfor.dir/src/DiverWrap.f90.gcda:Skip
profiling:/home/ec296/rds:Cannot create directory
profiling:/home/ec296/rds/rds-rm665-beagle_shared/code/mcfor/build/CMakeFiles/mcfor.dir/src/nested_sampling.f90.gcda:Skip
profiling:/home/ec296/rds:Cannot create directory
profiling:/home/ec296/rds/rds-rm665-beagle_shared/code/mcfor/build/CMakeFiles/mcfor.dir/src/metropolis_hastings.f90.gcda:Skip
profiling:/home/ec296/rds:Cannot create directory
profiling:/home/ec296/rds/rds-rm665-beagle_shared/code/mcfor/build/CMakeFiles/mcfor.dir/src/affine_invariant.f90.gcda:Skip
profiling:/home/ec296/rds:Cannot create directory
profiling:/home/ec296/rds/rds-rm665-beagle_shared/code/mcfor/build/CMakeFiles/mcfor.dir/src/PROSIT.f90.gcda:Skip
profiling:/home/ec296/rds:Cannot create directory
profiling:/home/ec296/rds/rds-rm665-beagle_shared/code/eclake_BEAGLE/build/dependencies/flap/CMakeFiles/flap.dir/src/lib/flap_command_line_arguments_group_t.f90.gcda:Skip
profiling:/home/ec296/rds:Cannot create directory
profiling:/home/ec296/rds/rds-rm665-beagle_shared/code/eclake_BEAGLE/build/dependencies/flap/CMakeFiles/flap.dir/src/lib/flap_utils_m.f90.gcda:Skip
profiling:/home/ec296/rds:Cannot create directory
profiling:/home/ec296/rds/rds-rm665-beagle_shared/code/eclake_BEAGLE/build/dependencies/flap/CMakeFiles/flap.dir/src/lib/flap_object_t.f90.gcda:Skip
profiling:/home/ec296/rds:Cannot create directory
profiling:/home/ec296/rds/rds-rm665-beagle_shared/code/eclake_BEAGLE/build/dependencies/flap/CMakeFiles/flap.dir/src/lib/flap_command_line_interface_t.F90.gcda:Skip
profiling:/home/ec296/rds:Cannot create directory
profiling:/home/ec296/rds/rds-rm665-beagle_shared/code/eclake_BEAGLE/build/dependencies/flap/CMakeFiles/flap.dir/src/lib/flap_command_line_argument_t.F90.gcda:Skip
profiling:/home/ec296/rds:Cannot create directory
profiling:/home/ec296/rds/rds-rm665-beagle_shared/code/eclake_BEAGLE/build/CMakeFiles/BEAGLE.dir/src/BEAGLE.f90.gcda:Skip
 ----------------------------------------------------------------------------------------------------
 [WARNING: The destination "/home/ls861/rds/rds-rm665-beagle_shared/lester_shared/lester_results/BEAGLE_dust_install/2/fit_001/BEAGLE-input-files/parameter_file_field_2_fit_001.param" already exists, and it will NOT be overwritten ]
 [FUNCTION: "copy_file" ]
 [MODULE: "lib_io" ]
 ----------------------------------------------------------------------------------------------------
 ----------------------------------------------------------------------------------------------------
 [WARNING: The destination "/home/ls861/rds/rds-rm665-beagle_shared/lester_shared/lester_results/BEAGLE_dust_install/2/fit_001/BEAGLE-input-files/cb2016_n2_mup100_N015_O01_deplO70_C100_June16" already exists, and it will NOT be overwritten ]
 [FUNCTION: "copy_file" ]
 [MODULE: "lib_io" ]
 ----------------------------------------------------------------------------------------------------
 ----------------------------------------------------------------------------------------------------
 [WARNING: The destination "/home/ls861/rds/rds-rm665-beagle_shared/lester_shared/lester_results/BEAGLE_dust_install/2/fit_001/BEAGLE-input-files/cb2016_Jan16_line_wavelengths_may2017.dat" already exists, and it will NOT be overwritten ]
 [FUNCTION: "copy_file" ]
 [MODULE: "lib_io" ]
 ----------------------------------------------------------------------------------------------------
 ----------------------------------------------------------------------------------------------------
 [WARNING: The destination "/home/ls861/rds/rds-rm665-beagle_shared/lester_shared/lester_results/BEAGLE_dust_install/2/fit_001/BEAGLE-input-files/astrodeep_filters.fits" already exists, and it will NOT be overwritten ]
 [FUNCTION: "copy_file" ]
 [MODULE: "lib_io" ]
 ----------------------------------------------------------------------------------------------------
 ----------------------------------------------------------------------------------------------------
 [WARNING: The destination "/home/ls861/rds/rds-rm665-beagle_shared/lester_shared/lester_results/BEAGLE_dust_install/2/fit_001/BEAGLE-input-files/astrodeep_filters_config_4_5_10pc_min_rel_error.dat" already exists, and it will NOT be overwritten ]
 [FUNCTION: "copy_file" ]
 [MODULE: "lib_io" ]
 ----------------------------------------------------------------------------------------------------
 ----------------------------------------------------------------------------------------------------
 [WARNING: The destination "/home/ls861/rds/rds-rm665-beagle_shared/lester_shared/lester_results/BEAGLE_dust_install/2/fit_001/BEAGLE-input-files/MCMC_new_beagle_001.param" already exists, and it will NOT be overwritten ]
 [FUNCTION: "copy_file" ]
 [MODULE: "lib_io" ]
 ----------------------------------------------------------------------------------------------------
 ++++++++++++++++++++++++++++++++++++++++++++++++++++++++++++++++++++++++++++++++++++++++++++++++++++
 [ERROR: CFITSIO error number          105 ---> couldn't create the named file ]
 [FUNCTION: "cfitsio_print_error" ]
 [MODULE: "fits_io" ]
 [BACKTRACE:   
 ]
 [ ***************************************** ]
 [ ----> EXITING FUNCTION / SUBROUTINE <---- ]
 ++++++++++++++++++++++++++++++++++++++++++++++++++++++++++++++++++++++++++++++++++++++++++++++++++++
 [ ***** STOPPING PROGRAM ***** ]
