*** Error in `/home/ls861/rds/rds-rm665-beagle_shared/eclake_BEAGLE_install/bin/BEAGLE': free(): invalid next size (normal): 0x0000000002beb540 ***
======= Backtrace: =========
/lib64/libc.so.6(+0x816b9)[0x2aea5d0566b9]
/home/ls861/rds/rds-rm665-beagle_shared/eclake_BEAGLE_install/bin/BEAGLE[0x4a3021]
/home/ls861/rds/rds-rm665-beagle_shared/eclake_BEAGLE_install/bin/BEAGLE[0x47c111]
/home/ls861/rds/rds-rm665-beagle_shared/eclake_BEAGLE_install/bin/BEAGLE[0x4968c1]
/home/ls861/rds/rds-rm665-beagle_shared/eclake_BEAGLE_install/bin/BEAGLE[0x497af5]
/home/ls861/rds/rds-rm665-beagle_shared/eclake_BEAGLE_install/bin/BEAGLE[0x4562c6]
/home/ls861/rds/rds-rm665-beagle_shared/eclake_BEAGLE_install/bin/BEAGLE[0x4498d3]
/home/ls861/rds/rds-rm665-beagle_shared/eclake_BEAGLE_install/bin/BEAGLE[0x409558]
/home/ls861/rds/rds-rm665-beagle_shared/eclake_BEAGLE_install/bin/BEAGLE[0x405bf7]
/lib64/libc.so.6(__libc_start_main+0xf5)[0x2aea5cff7545]
/home/ls861/rds/rds-rm665-beagle_shared/eclake_BEAGLE_install/bin/BEAGLE[0x406b15]
======= Memory map: ========
00400000-00bdc000 r-xp 00000000 762:3c8f4 144116978171267041             /rds/project/rm665/rds-rm665-beagle_shared/eclake_BEAGLE_install/bin/BEAGLE
00ddc000-00dea000 r-xp 007dc000 762:3c8f4 144116978171267041             /rds/project/rm665/rds-rm665-beagle_shared/eclake_BEAGLE_install/bin/BEAGLE
00dea000-00e36000 rwxp 007ea000 762:3c8f4 144116978171267041             /rds/project/rm665/rds-rm665-beagle_shared/eclake_BEAGLE_install/bin/BEAGLE
00e36000-01028000 rwxp 00000000 00:00 0 
01039000-02d22000 rwxp 00000000 00:00 0                                  [heap]
2aea5b5f6000-2aea5b618000 r-xp 00000000 08:01 136412004                  /usr/lib64/ld-2.17.so
2aea5b618000-2aea5b61a000 r-xp 00000000 00:00 0                          [vdso]
2aea5b61a000-2aea5b61f000 rwxp 00000000 00:00 0 
2aea5b65c000-2aea5b662000 rwxp 00000000 00:00 0 
2aea5b817000-2aea5b818000 r-xp 00021000 08:01 136412004                  /usr/lib64/ld-2.17.so
2aea5b818000-2aea5b819000 rwxp 00022000 08:01 136412004                  /usr/lib64/ld-2.17.so
2aea5b819000-2aea5b81a000 rwxp 00000000 00:00 0 
2aea5b81a000-2aea5b993000 r-xp 00000000 08:01 136927934                  /usr/lib64/libfftw3.so.3.3.2
2aea5b993000-2aea5bb92000 ---p 00179000 08:01 136927934                  /usr/lib64/libfftw3.so.3.3.2
2aea5bb92000-2aea5bb9e000 r-xp 00178000 08:01 136927934                  /usr/lib64/libfftw3.so.3.3.2
2aea5bb9e000-2aea5bb9f000 rwxp 00184000 08:01 136927934                  /usr/lib64/libfftw3.so.3.3.2
2aea5bb9f000-2aea5c0f9000 r-xp 00000000 08:01 136942680                  /usr/lib64/liblapack.so.3.4.2
2aea5c0f9000-2aea5c2f8000 ---p 0055a000 08:01 136942680                  /usr/lib64/liblapack.so.3.4.2
2aea5c2f8000-2aea5c2f9000 r-xp 00559000 08:01 136942680                  /usr/lib64/liblapack.so.3.4.2
2aea5c2f9000-2aea5c2fc000 rwxp 0055a000 08:01 136942680                  /usr/lib64/liblapack.so.3.4.2
2aea5c2fc000-2aea5c354000 r-xp 00000000 08:01 136414095                  /usr/lib64/libblas.so.3.4.2
2aea5c354000-2aea5c553000 ---p 00058000 08:01 136414095                  /usr/lib64/libblas.so.3.4.2
2aea5c553000-2aea5c554000 r-xp 00057000 08:01 136414095                  /usr/lib64/libblas.so.3.4.2
2aea5c554000-2aea5c555000 rwxp 00058000 08:01 136414095                  /usr/lib64/libblas.so.3.4.2
2aea5c555000-2aea5c67a000 r-xp 00000000 00:2b 62949470                   /usr/local/software/archive/linux-scientific7-x86_64/gcc-9/gcc-6.5.0-trdjpqcmdfjdygb32vbo3tl3akpyignw/lib64/libgfortran.so.3.0.0
2aea5c67a000-2aea5c879000 ---p 00125000 00:2b 62949470                   /usr/local/software/archive/linux-scientific7-x86_64/gcc-9/gcc-6.5.0-trdjpqcmdfjdygb32vbo3tl3akpyignw/lib64/libgfortran.so.3.0.0
2aea5c879000-2aea5c87a000 r-xp 00124000 00:2b 62949470                   /usr/local/software/archive/linux-scientific7-x86_64/gcc-9/gcc-6.5.0-trdjpqcmdfjdygb32vbo3tl3akpyignw/lib64/libgfortran.so.3.0.0
2aea5c87a000-2aea5c87c000 rwxp 00125000 00:2b 62949470                   /usr/local/software/archive/linux-scientific7-x86_64/gcc-9/gcc-6.5.0-trdjpqcmdfjdygb32vbo3tl3akpyignw/lib64/libgfortran.so.3.0.0
2aea5c87c000-2aea5c97d000 r-xp 00000000 08:01 136407037                  /usr/lib64/libm-2.17.so
2aea5c97d000-2aea5cb7c000 ---p 00101000 08:01 136407037                  /usr/lib64/libm-2.17.so
2aea5cb7c000-2aea5cb7d000 r-xp 00100000 08:01 136407037                  /usr/lib64/libm-2.17.so
2aea5cb7d000-2aea5cb7e000 rwxp 00101000 08:01 136407037                  /usr/lib64/libm-2.17.so
2aea5cb7e000-2aea5cb94000 r-xp 00000000 00:2b 62949329                   /usr/local/software/archive/linux-scientific7-x86_64/gcc-9/gcc-6.5.0-trdjpqcmdfjdygb32vbo3tl3akpyignw/lib64/libgcc_s.so.1
2aea5cb94000-2aea5cd93000 ---p 00016000 00:2b 62949329                   /usr/local/software/archive/linux-scientific7-x86_64/gcc-9/gcc-6.5.0-trdjpqcmdfjdygb32vbo3tl3akpyignw/lib64/libgcc_s.so.1
2aea5cd93000-2aea5cd94000 r-xp 00015000 00:2b 62949329                   /usr/local/software/archive/linux-scientific7-x86_64/gcc-9/gcc-6.5.0-trdjpqcmdfjdygb32vbo3tl3akpyignw/lib64/libgcc_s.so.1
2aea5cd94000-2aea5cd95000 rwxp 00016000 00:2b 62949329                   /usr/local/software/archive/linux-scientific7-x86_64/gcc-9/gcc-6.5.0-trdjpqcmdfjdygb32vbo3tl3akpyignw/lib64/libgcc_s.so.1
2aea5cd95000-2aea5cdd3000 r-xp 00000000 00:2b 62949287                   /usr/local/software/archive/linux-scientific7-x86_64/gcc-9/gcc-6.5.0-trdjpqcmdfjdygb32vbo3tl3akpyignw/lib64/libquadmath.so.0.0.0
2aea5cdd3000-2aea5cfd3000 ---p 0003e000 00:2b 62949287                   /usr/local/software/archive/linux-scientific7-x86_64/gcc-9/gcc-6.5.0-trdjpqcmdfjdygb32vbo3tl3akpyignw/lib64/libquadmath.so.0.0.0
2aea5cfd3000-2aea5cfd4000 r-xp 0003e000 00:2b 62949287                   /usr/local/software/archive/linux-scientific7-x86_64/gcc-9/gcc-6.5.0-trdjpqcmdfjdygb32vbo3tl3akpyignw/lib64/libquadmath.so.0.0.0
2aea5cfd4000-2aea5cfd5000 rwxp 0003f000 00:2b 62949287                   /usr/local/software/archive/linux-scientific7-x86_64/gcc-9/gcc-6.5.0-trdjpqcmdfjdygb32vbo3tl3akpyignw/lib64/libquadmath.so.0.0.0
2aea5cfd5000-2aea5d198000 r-xp 00000000 08:01 137242008                  /usr/lib64/libc-2.17.so
2aea5d198000-2aea5d398000 ---p 001c3000 08:01 137242008                  /usr/lib64/libc-2.17.so
2aea5d398000-2aea5d39c000 r-xp 001c3000 08:01 137242008                  /usr/lib64/libc-2.17.so
2aea5d39c000-2aea5d39e000 rwxp 001c7000 08:01 137242008                  /usr/lib64/libc-2.17.so
2aea5d39e000-2aeaa02c8000 rwxp 00000000 00:00 0 
2aeaa4000000-2aeaa4021000 rwxp 00000000 00:00 0 
2aeaa4021000-2aeaa8000000 ---p 00000000 00:00 0 
2aeb1a283000-2aeb1d35f000 rwxp 00000000 00:00 0 
7ffc2cb5d000-7ffc2cb81000 rwxp 00000000 00:00 0                          [stack]
ffffffffff600000-ffffffffff601000 r-xp 00000000 00:00 0                  [vsyscall]

Program received signal SIGABRT: Process abort signal.

Backtrace for this error:
#0  0x2aea5d00b3ef in ???
#1  0x2aea5d00b377 in ???
#2  0x2aea5d00ca67 in ???
#3  0x2aea5d04dec6 in ???
#4  0x2aea5d0566b8 in ???
#5  0x4a3020 in __posterior_MOD_pos_samp
	at /home/ec296/rds/rds-rm665-beagle_shared/code/mcfor/build/dependencies/multinest-src/posterior.F90:372
#6  0x47c110 in __nested_MOD_clusterednest
	at /home/ec296/rds/rds-rm665-beagle_shared/code/mcfor/build/dependencies/multinest-src/nested.F90:2505
#7  0x4968c0 in __nested_MOD_nestsample
	at /home/ec296/rds/rds-rm665-beagle_shared/code/mcfor/build/dependencies/multinest-src/nested.F90:365
#8  0x497af4 in __nested_MOD_nestrun
	at /home/ec296/rds/rds-rm665-beagle_shared/code/mcfor/build/dependencies/multinest-src/nested.F90:239
#9  0x4562c5 in __nested_sampling_MOD_run_nested_sampling
	at /home/ec296/rds/rds-rm665-beagle_shared/code/mcfor/src/nested_sampling.f90:137
#10  0x4498d2 in __prosit_MOD_sample_pdf
	at /home/ec296/rds/rds-rm665-beagle_shared/code/mcfor/src/PROSIT.f90:322
#11  0x409557 in beagle
	at /home/ec296/rds/rds-rm665-beagle_shared/code/eclake_BEAGLE/src/BEAGLE.f90:649
#12  0x405bf6 in main
	at /home/ec296/rds/rds-rm665-beagle_shared/code/eclake_BEAGLE/src/BEAGLE.f90:6
/var/spool/slurm/slurmd/job21497496/slurm_script: line 153: 138449 Aborted                 /home/ls861/rds/rds-rm665-beagle_shared/eclake_BEAGLE_install/bin/BEAGLE --parameter-file /home/ls861/BEAGLE-general/params/parameter_file_fit_DPL_012.param --fit
